# JRE version: OpenJDK Runtime Environment (8.0_202-b03) (build 1.8.0_202-release-1483-b03)
# Java VM: OpenJDK 64-Bit Server VM (25.202-b03 mixed mode windows-amd64 compressed oops)
Heap:
 PSYoungGen      total 143360K, used 82717K [0x00000000e0000000, 0x00000000eb380000, 0x0000000100000000)
  eden space 126976K, 57% used [0x00000000e0000000,0x00000000e47390d0,0x00000000e7c00000)
  from space 16384K, 59% used [0x00000000e7c00000,0x00000000e858e500,0x00000000e8c00000)
  to   space 16384K, 0% used [0x00000000ea380000,0x00000000ea380000,0x00000000eb380000)
 ParOldGen       total 88064K, used 36542K [0x00000000a0000000, 0x00000000a5600000, 0x00000000e0000000)
  object space 88064K, 41% used [0x00000000a0000000,0x00000000a23afbc8,0x00000000a5600000)
 Metaspace       used 63287K, capacity 65394K, committed 65624K, reserved 1105920K
  class space    used 8514K, capacity 8984K, committed 9048K, reserved 1048576K
GC Heap History (10 events):
Event: 11.204 GC heap before
{Heap before GC invocations=14 (full 2):
 PSYoungGen      total 88064K, used 77312K [0x00000000e0000000, 0x00000000e8780000, 0x0000000100000000)
  eden space 77312K, 100% used [0x00000000e0000000,0x00000000e4b80000,0x00000000e4b80000)
  from space 10752K, 0% used [0x00000000e4b80000,0x00000000e4b80000,0x00000000e5600000)
  to   space 11264K, 0% used [0x00000000e7c80000,0x00000000e7c80000,0x00000000e8780000)
 ParOldGen       total 88064K, used 16498K [0x00000000a0000000, 0x00000000a5600000, 0x00000000e0000000)
  object space 88064K, 18% used [0x00000000a0000000,0x00000000a101cb38,0x00000000a5600000)
 Metaspace       used 42222K, capacity 43250K, committed 43392K, reserved 1087488K
  class space    used 5701K, capacity 5949K, committed 6016K, reserved 1048576K
Event: 11.226 GC heap after
Heap after GC invocations=14 (full 2):
 PSYoungGen      total 110592K, used 10180K [0x00000000e0000000, 0x00000000e8680000, 0x0000000100000000)
  eden space 100352K, 0% used [0x00000000e0000000,0x00000000e0000000,0x00000000e6200000)
  from space 10240K, 99% used [0x00000000e7c80000,0x00000000e86713e0,0x00000000e8680000)
  to   space 12288K, 0% used [0x00000000e6e80000,0x00000000e6e80000,0x00000000e7a80000)
 ParOldGen       total 88064K, used 16506K [0x00000000a0000000, 0x00000000a5600000, 0x00000000e0000000)
  object space 88064K, 18% used [0x00000000a0000000,0x00000000a101eb38,0x00000000a5600000)
 Metaspace       used 42222K, capacity 43250K, committed 43392K, reserved 1087488K
  class space    used 5701K, capacity 5949K, committed 6016K, reserved 1048576K
}
Event: 12.742 GC heap before
{Heap before GC invocations=15 (full 2):
 PSYoungGen      total 110592K, used 110532K [0x00000000e0000000, 0x00000000e8680000, 0x0000000100000000)
  eden space 100352K, 100% used [0x00000000e0000000,0x00000000e6200000,0x00000000e6200000)
  from space 10240K, 99% used [0x00000000e7c80000,0x00000000e86713e0,0x00000000e8680000)
  to   space 12288K, 0% used [0x00000000e6e80000,0x00000000e6e80000,0x00000000e7a80000)
 ParOldGen       total 88064K, used 16506K [0x00000000a0000000, 0x00000000a5600000, 0x00000000e0000000)
  object space 88064K, 18% used [0x00000000a0000000,0x00000000a101eb38,0x00000000a5600000)
 Metaspace       used 49985K, capacity 51342K, committed 51584K, reserved 1093632K
  class space    used 6640K, capacity 6980K, committed 7040K, reserved 1048576K
Event: 12.761 GC heap after
Heap after GC invocations=15 (full 2):
 PSYoungGen      total 125440K, used 12283K [0x00000000e0000000, 0x00000000e9b80000, 0x0000000100000000)
  eden space 113152K, 0% used [0x00000000e0000000,0x00000000e0000000,0x00000000e6e80000)
  from space 12288K, 99% used [0x00000000e6e80000,0x00000000e7a7edd8,0x00000000e7a80000)
  to   space 15872K, 0% used [0x00000000e8c00000,0x00000000e8c00000,0x00000000e9b80000)
 ParOldGen       total 88064K, used 22048K [0x00000000a0000000, 0x00000000a5600000, 0x00000000e0000000)
  object space 88064K, 25% used [0x00000000a0000000,0x00000000a1588338,0x00000000a5600000)
 Metaspace       used 49985K, capacity 51342K, committed 51584K, reserved 1093632K
  class space    used 6640K, capacity 6980K, committed 7040K, reserved 1048576K
}
Event: 14.266 GC heap before
{Heap before GC invocations=16 (full 2):
 PSYoungGen      total 125440K, used 105170K [0x00000000e0000000, 0x00000000e9b80000, 0x0000000100000000)
  eden space 113152K, 82% used [0x00000000e0000000,0x00000000e5ab5d10,0x00000000e6e80000)
  from space 12288K, 99% used [0x00000000e6e80000,0x00000000e7a7edd8,0x00000000e7a80000)
  to   space 15872K, 0% used [0x00000000e8c00000,0x00000000e8c00000,0x00000000e9b80000)
 ParOldGen       total 88064K, used 22048K [0x00000000a0000000, 0x00000000a5600000, 0x00000000e0000000)
  object space 88064K, 25% used [0x00000000a0000000,0x00000000a1588338,0x00000000a5600000)
 Metaspace       used 57327K, capacity 59006K, committed 59096K, reserved 1099776K
  class space    used 7681K, capacity 8092K, committed 8152K, reserved 1048576K
Event: 14.288 GC heap after
Heap after GC invocations=16 (full 2):
 PSYoungGen      total 142848K, used 10510K [0x00000000e0000000, 0x00000000eaa80000, 0x0000000100000000)
  eden space 126976K, 0% used [0x00000000e0000000,0x00000000e0000000,0x00000000e7c00000)
  from space 15872K, 66% used [0x00000000e8c00000,0x00000000e9643a78,0x00000000e9b80000)
  to   space 16384K, 0% used [0x00000000e7c00000,0x00000000e7c00000,0x00000000e8c00000)
 ParOldGen       total 88064K, used 28466K [0x00000000a0000000, 0x00000000a5600000, 0x00000000e0000000)
  object space 88064K, 32% used [0x00000000a0000000,0x00000000a1bcc910,0x00000000a5600000)
 Metaspace       used 57327K, capacity 59006K, committed 59096K, reserved 1099776K
  class space    used 7681K, capacity 8092K, committed 8152K, reserved 1048576K
}
Event: 14.288 GC heap before
{Heap before GC invocations=17 (full 3):
 PSYoungGen      total 142848K, used 10510K [0x00000000e0000000, 0x00000000eaa80000, 0x0000000100000000)
  eden space 126976K, 0% used [0x00000000e0000000,0x00000000e0000000,0x00000000e7c00000)
  from space 15872K, 66% used [0x00000000e8c00000,0x00000000e9643a78,0x00000000e9b80000)
  to   space 16384K, 0% used [0x00000000e7c00000,0x00000000e7c00000,0x00000000e8c00000)
 ParOldGen       total 88064K, used 28466K [0x00000000a0000000, 0x00000000a5600000, 0x00000000e0000000)
  object space 88064K, 32% used [0x00000000a0000000,0x00000000a1bcc910,0x00000000a5600000)
 Metaspace       used 57327K, capacity 59006K, committed 59096K, reserved 1099776K
  class space    used 7681K, capacity 8092K, committed 8152K, reserved 1048576K
Event: 14.613 GC heap after
Heap after GC invocations=17 (full 3):
 PSYoungGen      total 142848K, used 0K [0x00000000e0000000, 0x00000000eaa80000, 0x0000000100000000)
  eden space 126976K, 0% used [0x00000000e0000000,0x00000000e0000000,0x00000000e7c00000)
  from space 15872K, 0% used [0x00000000e8c00000,0x00000000e8c00000,0x00000000e9b80000)
  to   space 16384K, 0% used [0x00000000e7c00000,0x00000000e7c00000,0x00000000e8c00000)
 ParOldGen       total 88064K, used 36470K [0x00000000a0000000, 0x00000000a5600000, 0x00000000e0000000)
  object space 88064K, 41% used [0x00000000a0000000,0x00000000a239dbb8,0x00000000a5600000)
 Metaspace       used 57290K, capacity 58882K, committed 59096K, reserved 1099776K
  class space    used 7671K, capacity 8078K, committed 8152K, reserved 1048576K
}
Event: 16.810 GC heap before
{Heap before GC invocations=18 (full 3):
 PSYoungGen      total 142848K, used 126976K [0x00000000e0000000, 0x00000000eaa80000, 0x0000000100000000)
  eden space 126976K, 100% used [0x00000000e0000000,0x00000000e7c00000,0x00000000e7c00000)
  from space 15872K, 0% used [0x00000000e8c00000,0x00000000e8c00000,0x00000000e9b80000)
  to   space 16384K, 0% used [0x00000000e7c00000,0x00000000e7c00000,0x00000000e8c00000)
 ParOldGen       total 88064K, used 36470K [0x00000000a0000000, 0x00000000a5600000, 0x00000000e0000000)
  object space 88064K, 41% used [0x00000000a0000000,0x00000000a239dbb8,0x00000000a5600000)
 Metaspace       used 62969K, capacity 64928K, committed 65112K, reserved 1105920K
  class space    used 8487K, capacity 8952K, committed 9048K, reserved 1048576K
Event: 16.825 GC heap after
Heap after GC invocations=18 (full 3):
 PSYoungGen      total 143360K, used 9785K [0x00000000e0000000, 0x00000000eb380000, 0x0000000100000000)
  eden space 126976K, 0% used [0x00000000e0000000,0x00000000e0000000,0x00000000e7c00000)
  from space 16384K, 59% used [0x00000000e7c00000,0x00000000e858e500,0x00000000e8c00000)
  to   space 16384K, 0% used [0x00000000ea380000,0x00000000ea380000,0x00000000eb380000)
 ParOldGen       total 88064K, used 36542K [0x00000000a0000000, 0x00000000a5600000, 0x00000000e0000000)
  object space 88064K, 41% used [0x00000000a0000000,0x00000000a23afbc8,0x00000000a5600000)
 Metaspace       used 62969K, capacity 64928K, committed 65112K, reserved 1105920K
  class space    used 8487K, capacity 8952K, committed 9048K, reserved 1048576K
}

