# JRE version: OpenJDK Runtime Environment (8.0_202-b03) (build 1.8.0_202-release-1483-b03)
# Java VM: OpenJDK 64-Bit Server VM (25.202-b03 mixed mode windows-amd64 compressed oops)
Heap:
 PSYoungGen      total 77312K, used 26960K [0x00000000e0000000, 0x00000000e7c80000, 0x0000000100000000)
  eden space 66560K, 29% used [0x00000000e0000000,0x00000000e12eec60,0x00000000e4100000)
  from space 10752K, 70% used [0x00000000e4100000,0x00000000e48654e0,0x00000000e4b80000)
  to   space 10752K, 0% used [0x00000000e7200000,0x00000000e7200000,0x00000000e7c80000)
 ParOldGen       total 59904K, used 9173K [0x00000000a0000000, 0x00000000a3a80000, 0x00000000e0000000)
  object space 59904K, 15% used [0x00000000a0000000,0x00000000a08f5610,0x00000000a3a80000)
 Metaspace       used 29433K, capacity 29946K, committed 30208K, reserved 1075200K
  class space    used 4085K, capacity 4254K, committed 4352K, reserved 1048576K
GC Heap History (10 events):
Event: 3.230 GC heap before
{Heap before GC invocations=4 (full 0):
 PSYoungGen      total 38400K, used 38395K [0x00000000e0000000, 0x00000000e2a80000, 0x0000000100000000)
  eden space 33280K, 100% used [0x00000000e0000000,0x00000000e2080000,0x00000000e2080000)
  from space 5120K, 99% used [0x00000000e2080000,0x00000000e257eeb8,0x00000000e2580000)
  to   space 5120K, 0% used [0x00000000e2580000,0x00000000e2580000,0x00000000e2a80000)
 ParOldGen       total 87552K, used 1826K [0x00000000a0000000, 0x00000000a5580000, 0x00000000e0000000)
  object space 87552K, 2% used [0x00000000a0000000,0x00000000a01c8910,0x00000000a5580000)
 Metaspace       used 15936K, capacity 16336K, committed 16512K, reserved 1062912K
  class space    used 2271K, capacity 2424K, committed 2432K, reserved 1048576K
Event: 3.247 GC heap after
Heap after GC invocations=4 (full 0):
 PSYoungGen      total 38400K, used 5088K [0x00000000e0000000, 0x00000000e4b00000, 0x0000000100000000)
  eden space 33280K, 0% used [0x00000000e0000000,0x00000000e0000000,0x00000000e2080000)
  from space 5120K, 99% used [0x00000000e2580000,0x00000000e2a78040,0x00000000e2a80000)
  to   space 5120K, 0% used [0x00000000e2080000,0x00000000e2080000,0x00000000e2580000)
 ParOldGen       total 87552K, used 4914K [0x00000000a0000000, 0x00000000a5580000, 0x00000000e0000000)
  object space 87552K, 5% used [0x00000000a0000000,0x00000000a04ccba8,0x00000000a5580000)
 Metaspace       used 15936K, capacity 16336K, committed 16512K, reserved 1062912K
  class space    used 2271K, capacity 2424K, committed 2432K, reserved 1048576K
}
Event: 3.900 GC heap before
{Heap before GC invocations=5 (full 0):
 PSYoungGen      total 38400K, used 38368K [0x00000000e0000000, 0x00000000e4b00000, 0x0000000100000000)
  eden space 33280K, 100% used [0x00000000e0000000,0x00000000e2080000,0x00000000e2080000)
  from space 5120K, 99% used [0x00000000e2580000,0x00000000e2a78040,0x00000000e2a80000)
  to   space 5120K, 0% used [0x00000000e2080000,0x00000000e2080000,0x00000000e2580000)
 ParOldGen       total 87552K, used 4914K [0x00000000a0000000, 0x00000000a5580000, 0x00000000e0000000)
  object space 87552K, 5% used [0x00000000a0000000,0x00000000a04ccba8,0x00000000a5580000)
 Metaspace       used 18770K, capacity 19294K, committed 19328K, reserved 1064960K
  class space    used 2732K, capacity 2927K, committed 2944K, reserved 1048576K
Event: 3.910 GC heap after
Heap after GC invocations=5 (full 0):
 PSYoungGen      total 38400K, used 5104K [0x00000000e0000000, 0x00000000e5600000, 0x0000000100000000)
  eden space 33280K, 0% used [0x00000000e0000000,0x00000000e0000000,0x00000000e2080000)
  from space 5120K, 99% used [0x00000000e2080000,0x00000000e257c040,0x00000000e2580000)
  to   space 10752K, 0% used [0x00000000e4b80000,0x00000000e4b80000,0x00000000e5600000)
 ParOldGen       total 87552K, used 8805K [0x00000000a0000000, 0x00000000a5580000, 0x00000000e0000000)
  object space 87552K, 10% used [0x00000000a0000000,0x00000000a0899728,0x00000000a5580000)
 Metaspace       used 18770K, capacity 19294K, committed 19328K, reserved 1064960K
  class space    used 2732K, capacity 2927K, committed 2944K, reserved 1048576K
}
Event: 4.183 GC heap before
{Heap before GC invocations=6 (full 0):
 PSYoungGen      total 38400K, used 20924K [0x00000000e0000000, 0x00000000e5600000, 0x0000000100000000)
  eden space 33280K, 47% used [0x00000000e0000000,0x00000000e0f73260,0x00000000e2080000)
  from space 5120K, 99% used [0x00000000e2080000,0x00000000e257c040,0x00000000e2580000)
  to   space 10752K, 0% used [0x00000000e4b80000,0x00000000e4b80000,0x00000000e5600000)
 ParOldGen       total 87552K, used 8805K [0x00000000a0000000, 0x00000000a5580000, 0x00000000e0000000)
  object space 87552K, 10% used [0x00000000a0000000,0x00000000a0899728,0x00000000a5580000)
 Metaspace       used 20691K, capacity 21164K, committed 21296K, reserved 1067008K
  class space    used 2965K, capacity 3123K, committed 3200K, reserved 1048576K
Event: 4.202 GC heap after
Heap after GC invocations=6 (full 0):
 PSYoungGen      total 77312K, used 7655K [0x00000000e0000000, 0x00000000e5600000, 0x0000000100000000)
  eden space 66560K, 0% used [0x00000000e0000000,0x00000000e0000000,0x00000000e4100000)
  from space 10752K, 71% used [0x00000000e4b80000,0x00000000e52f9e18,0x00000000e5600000)
  to   space 10752K, 0% used [0x00000000e4100000,0x00000000e4100000,0x00000000e4b80000)
 ParOldGen       total 87552K, used 8813K [0x00000000a0000000, 0x00000000a5580000, 0x00000000e0000000)
  object space 87552K, 10% used [0x00000000a0000000,0x00000000a089b728,0x00000000a5580000)
 Metaspace       used 20691K, capacity 21164K, committed 21296K, reserved 1067008K
  class space    used 2965K, capacity 3123K, committed 3200K, reserved 1048576K
}
Event: 4.202 GC heap before
{Heap before GC invocations=7 (full 1):
 PSYoungGen      total 77312K, used 7655K [0x00000000e0000000, 0x00000000e5600000, 0x0000000100000000)
  eden space 66560K, 0% used [0x00000000e0000000,0x00000000e0000000,0x00000000e4100000)
  from space 10752K, 71% used [0x00000000e4b80000,0x00000000e52f9e18,0x00000000e5600000)
  to   space 10752K, 0% used [0x00000000e4100000,0x00000000e4100000,0x00000000e4b80000)
 ParOldGen       total 87552K, used 8813K [0x00000000a0000000, 0x00000000a5580000, 0x00000000e0000000)
  object space 87552K, 10% used [0x00000000a0000000,0x00000000a089b728,0x00000000a5580000)
 Metaspace       used 20691K, capacity 21164K, committed 21296K, reserved 1067008K
  class space    used 2965K, capacity 3123K, committed 3200K, reserved 1048576K
Event: 4.269 GC heap after
Heap after GC invocations=7 (full 1):
 PSYoungGen      total 77312K, used 0K [0x00000000e0000000, 0x00000000e5600000, 0x0000000100000000)
  eden space 66560K, 0% used [0x00000000e0000000,0x00000000e0000000,0x00000000e4100000)
  from space 10752K, 0% used [0x00000000e4b80000,0x00000000e4b80000,0x00000000e5600000)
  to   space 10752K, 0% used [0x00000000e4100000,0x00000000e4100000,0x00000000e4b80000)
 ParOldGen       total 59904K, used 9165K [0x00000000a0000000, 0x00000000a3a80000, 0x00000000e0000000)
  object space 59904K, 15% used [0x00000000a0000000,0x00000000a08f3610,0x00000000a3a80000)
 Metaspace       used 20691K, capacity 21164K, committed 21296K, reserved 1067008K
  class space    used 2965K, capacity 3123K, committed 3200K, reserved 1048576K
}
Event: 5.264 GC heap before
{Heap before GC invocations=8 (full 1):
 PSYoungGen      total 77312K, used 66560K [0x00000000e0000000, 0x00000000e5600000, 0x0000000100000000)
  eden space 66560K, 100% used [0x00000000e0000000,0x00000000e4100000,0x00000000e4100000)
  from space 10752K, 0% used [0x00000000e4b80000,0x00000000e4b80000,0x00000000e5600000)
  to   space 10752K, 0% used [0x00000000e4100000,0x00000000e4100000,0x00000000e4b80000)
 ParOldGen       total 59904K, used 9165K [0x00000000a0000000, 0x00000000a3a80000, 0x00000000e0000000)
  object space 59904K, 15% used [0x00000000a0000000,0x00000000a08f3610,0x00000000a3a80000)
 Metaspace       used 28331K, capacity 28884K, committed 28928K, reserved 1075200K
  class space    used 3917K, capacity 4093K, committed 4096K, reserved 1048576K
Event: 5.274 GC heap after
Heap after GC invocations=8 (full 1):
 PSYoungGen      total 77312K, used 7573K [0x00000000e0000000, 0x00000000e7c80000, 0x0000000100000000)
  eden space 66560K, 0% used [0x00000000e0000000,0x00000000e0000000,0x00000000e4100000)
  from space 10752K, 70% used [0x00000000e4100000,0x00000000e48654e0,0x00000000e4b80000)
  to   space 10752K, 0% used [0x00000000e7200000,0x00000000e7200000,0x00000000e7c80000)
 ParOldGen       total 59904K, used 9173K [0x00000000a0000000, 0x00000000a3a80000, 0x00000000e0000000)
  object space 59904K, 15% used [0x00000000a0000000,0x00000000a08f5610,0x00000000a3a80000)
 Metaspace       used 28331K, capacity 28884K, committed 28928K, reserved 1075200K
  class space    used 3917K, capacity 4093K, committed 4096K, reserved 1048576K
}

