# JRE version: OpenJDK Runtime Environment (8.0_202-b03) (build 1.8.0_202-release-1483-b03)
# Java VM: OpenJDK 64-Bit Server VM (25.202-b03 mixed mode windows-amd64 compressed oops)
Heap:
 PSYoungGen      total 115712K, used 68255K [0x00000000e0000000, 0x00000000ea500000, 0x0000000100000000)
  eden space 104448K, 65% used [0x00000000e0000000,0x00000000e42a7ed8,0x00000000e6600000)
  from space 11264K, 0% used [0x00000000e6600000,0x00000000e6600000,0x00000000e7100000)
  to   space 12288K, 0% used [0x00000000e9900000,0x00000000e9900000,0x00000000ea500000)
 ParOldGen       total 93184K, used 18016K [0x00000000a0000000, 0x00000000a5b00000, 0x00000000e0000000)
  object space 93184K, 19% used [0x00000000a0000000,0x00000000a1198290,0x00000000a5b00000)
 Metaspace       used 41405K, capacity 42446K, committed 42536K, reserved 1085440K
  class space    used 5608K, capacity 5883K, committed 5928K, reserved 1048576K
GC Heap History (10 events):
Event: 4.658 GC heap before
{Heap before GC invocations=7 (full 1):
 PSYoungGen      total 77312K, used 7586K [0x00000000e0000000, 0x00000000e5600000, 0x0000000100000000)
  eden space 66560K, 0% used [0x00000000e0000000,0x00000000e0000000,0x00000000e4100000)
  from space 10752K, 70% used [0x00000000e4b80000,0x00000000e52e8990,0x00000000e5600000)
  to   space 10752K, 0% used [0x00000000e4100000,0x00000000e4100000,0x00000000e4b80000)
 ParOldGen       total 87552K, used 8766K [0x00000000a0000000, 0x00000000a5580000, 0x00000000e0000000)
  object space 87552K, 10% used [0x00000000a0000000,0x00000000a088f880,0x00000000a5580000)
 Metaspace       used 20704K, capacity 21148K, committed 21296K, reserved 1067008K
  class space    used 2965K, capacity 3123K, committed 3200K, reserved 1048576K
Event: 4.726 GC heap after
Heap after GC invocations=7 (full 1):
 PSYoungGen      total 77312K, used 0K [0x00000000e0000000, 0x00000000e5600000, 0x0000000100000000)
  eden space 66560K, 0% used [0x00000000e0000000,0x00000000e0000000,0x00000000e4100000)
  from space 10752K, 0% used [0x00000000e4b80000,0x00000000e4b80000,0x00000000e5600000)
  to   space 10752K, 0% used [0x00000000e4100000,0x00000000e4100000,0x00000000e4b80000)
 ParOldGen       total 60928K, used 9153K [0x00000000a0000000, 0x00000000a3b80000, 0x00000000e0000000)
  object space 60928K, 15% used [0x00000000a0000000,0x00000000a08f0698,0x00000000a3b80000)
 Metaspace       used 20704K, capacity 21148K, committed 21296K, reserved 1067008K
  class space    used 2965K, capacity 3123K, committed 3200K, reserved 1048576K
}
Event: 5.505 GC heap before
{Heap before GC invocations=8 (full 1):
 PSYoungGen      total 77312K, used 66560K [0x00000000e0000000, 0x00000000e5600000, 0x0000000100000000)
  eden space 66560K, 100% used [0x00000000e0000000,0x00000000e4100000,0x00000000e4100000)
  from space 10752K, 0% used [0x00000000e4b80000,0x00000000e4b80000,0x00000000e5600000)
  to   space 10752K, 0% used [0x00000000e4100000,0x00000000e4100000,0x00000000e4b80000)
 ParOldGen       total 60928K, used 9153K [0x00000000a0000000, 0x00000000a3b80000, 0x00000000e0000000)
  object space 60928K, 15% used [0x00000000a0000000,0x00000000a08f0698,0x00000000a3b80000)
 Metaspace       used 28353K, capacity 28932K, committed 29184K, reserved 1075200K
  class space    used 3914K, capacity 4093K, committed 4096K, reserved 1048576K
Event: 5.513 GC heap after
Heap after GC invocations=8 (full 1):
 PSYoungGen      total 77312K, used 7706K [0x00000000e0000000, 0x00000000e7b80000, 0x0000000100000000)
  eden space 66560K, 0% used [0x00000000e0000000,0x00000000e0000000,0x00000000e4100000)
  from space 10752K, 71% used [0x00000000e4100000,0x00000000e4886a00,0x00000000e4b80000)
  to   space 10752K, 0% used [0x00000000e7100000,0x00000000e7100000,0x00000000e7b80000)
 ParOldGen       total 60928K, used 9161K [0x00000000a0000000, 0x00000000a3b80000, 0x00000000e0000000)
  object space 60928K, 15% used [0x00000000a0000000,0x00000000a08f2698,0x00000000a3b80000)
 Metaspace       used 28353K, capacity 28932K, committed 29184K, reserved 1075200K
  class space    used 3914K, capacity 4093K, committed 4096K, reserved 1048576K
}
Event: 6.273 GC heap before
{Heap before GC invocations=9 (full 1):
 PSYoungGen      total 77312K, used 74266K [0x00000000e0000000, 0x00000000e7b80000, 0x0000000100000000)
  eden space 66560K, 100% used [0x00000000e0000000,0x00000000e4100000,0x00000000e4100000)
  from space 10752K, 71% used [0x00000000e4100000,0x00000000e4886a00,0x00000000e4b80000)
  to   space 10752K, 0% used [0x00000000e7100000,0x00000000e7100000,0x00000000e7b80000)
 ParOldGen       total 60928K, used 9161K [0x00000000a0000000, 0x00000000a3b80000, 0x00000000e0000000)
  object space 60928K, 15% used [0x00000000a0000000,0x00000000a08f2698,0x00000000a3b80000)
 Metaspace       used 32549K, capacity 33278K, committed 33408K, reserved 1077248K
  class space    used 4454K, capacity 4680K, committed 4736K, reserved 1048576K
Event: 6.304 GC heap after
Heap after GC invocations=9 (full 1):
 PSYoungGen      total 115200K, used 9450K [0x00000000e0000000, 0x00000000e8000000, 0x0000000100000000)
  eden space 104448K, 0% used [0x00000000e0000000,0x00000000e0000000,0x00000000e6600000)
  from space 10752K, 87% used [0x00000000e7100000,0x00000000e7a3a8c8,0x00000000e7b80000)
  to   space 11264K, 0% used [0x00000000e6600000,0x00000000e6600000,0x00000000e7100000)
 ParOldGen       total 60928K, used 9169K [0x00000000a0000000, 0x00000000a3b80000, 0x00000000e0000000)
  object space 60928K, 15% used [0x00000000a0000000,0x00000000a08f4698,0x00000000a3b80000)
 Metaspace       used 32549K, capacity 33278K, committed 33408K, reserved 1077248K
  class space    used 4454K, capacity 4680K, committed 4736K, reserved 1048576K
}
Event: 6.837 GC heap before
{Heap before GC invocations=10 (full 1):
 PSYoungGen      total 115200K, used 60277K [0x00000000e0000000, 0x00000000e8000000, 0x0000000100000000)
  eden space 104448K, 48% used [0x00000000e0000000,0x00000000e31a2c88,0x00000000e6600000)
  from space 10752K, 87% used [0x00000000e7100000,0x00000000e7a3a8c8,0x00000000e7b80000)
  to   space 11264K, 0% used [0x00000000e6600000,0x00000000e6600000,0x00000000e7100000)
 ParOldGen       total 60928K, used 9169K [0x00000000a0000000, 0x00000000a3b80000, 0x00000000e0000000)
  object space 60928K, 15% used [0x00000000a0000000,0x00000000a08f4698,0x00000000a3b80000)
 Metaspace       used 34705K, capacity 35420K, committed 35496K, reserved 1079296K
  class space    used 4808K, capacity 5026K, committed 5032K, reserved 1048576K
Event: 6.851 GC heap after
Heap after GC invocations=10 (full 1):
 PSYoungGen      total 115712K, used 10682K [0x00000000e0000000, 0x00000000ea500000, 0x0000000100000000)
  eden space 104448K, 0% used [0x00000000e0000000,0x00000000e0000000,0x00000000e6600000)
  from space 11264K, 94% used [0x00000000e6600000,0x00000000e706eb28,0x00000000e7100000)
  to   space 12288K, 0% used [0x00000000e9900000,0x00000000e9900000,0x00000000ea500000)
 ParOldGen       total 60928K, used 9177K [0x00000000a0000000, 0x00000000a3b80000, 0x00000000e0000000)
  object space 60928K, 15% used [0x00000000a0000000,0x00000000a08f6698,0x00000000a3b80000)
 Metaspace       used 34705K, capacity 35420K, committed 35496K, reserved 1079296K
  class space    used 4808K, capacity 5026K, committed 5032K, reserved 1048576K
}
Event: 6.852 GC heap before
{Heap before GC invocations=11 (full 2):
 PSYoungGen      total 115712K, used 10682K [0x00000000e0000000, 0x00000000ea500000, 0x0000000100000000)
  eden space 104448K, 0% used [0x00000000e0000000,0x00000000e0000000,0x00000000e6600000)
  from space 11264K, 94% used [0x00000000e6600000,0x00000000e706eb28,0x00000000e7100000)
  to   space 12288K, 0% used [0x00000000e9900000,0x00000000e9900000,0x00000000ea500000)
 ParOldGen       total 60928K, used 9177K [0x00000000a0000000, 0x00000000a3b80000, 0x00000000e0000000)
  object space 60928K, 15% used [0x00000000a0000000,0x00000000a08f6698,0x00000000a3b80000)
 Metaspace       used 34705K, capacity 35420K, committed 35496K, reserved 1079296K
  class space    used 4808K, capacity 5026K, committed 5032K, reserved 1048576K
Event: 6.934 GC heap after
Heap after GC invocations=11 (full 2):
 PSYoungGen      total 115712K, used 0K [0x00000000e0000000, 0x00000000ea500000, 0x0000000100000000)
  eden space 104448K, 0% used [0x00000000e0000000,0x00000000e0000000,0x00000000e6600000)
  from space 11264K, 0% used [0x00000000e6600000,0x00000000e6600000,0x00000000e7100000)
  to   space 12288K, 0% used [0x00000000e9900000,0x00000000e9900000,0x00000000ea500000)
 ParOldGen       total 93184K, used 18016K [0x00000000a0000000, 0x00000000a5b00000, 0x00000000e0000000)
  object space 93184K, 19% used [0x00000000a0000000,0x00000000a1198290,0x00000000a5b00000)
 Metaspace       used 34705K, capacity 35420K, committed 35496K, reserved 1079296K
  class space    used 4808K, capacity 5026K, committed 5032K, reserved 1048576K
}

