# JRE version: OpenJDK Runtime Environment (8.0_202-b03) (build 1.8.0_202-release-1483-b03)
# Java VM: OpenJDK 64-Bit Server VM (25.202-b03 mixed mode windows-amd64 compressed oops)
Heap:
 PSYoungGen      total 146432K, used 140936K [0x00000000e0000000, 0x00000000ea400000, 0x0000000100000000)
  eden space 134144K, 95% used [0x00000000e0000000,0x00000000e7da4e90,0x00000000e8300000)
  from space 12288K, 99% used [0x00000000e9800000,0x00000000ea3fd520,0x00000000ea400000)
  to   space 13824K, 0% used [0x00000000e8900000,0x00000000e8900000,0x00000000e9680000)
 ParOldGen       total 61440K, used 19094K [0x00000000a0000000, 0x00000000a3c00000, 0x00000000e0000000)
  object space 61440K, 31% used [0x00000000a0000000,0x00000000a12a58f8,0x00000000a3c00000)
 Metaspace       used 54299K, capacity 55838K, committed 56104K, reserved 1097728K
  class space    used 7227K, capacity 7600K, committed 7720K, reserved 1048576K
GC Heap History (10 events):
Event: 6.143 GC heap before
{Heap before GC invocations=8 (full 1):
 PSYoungGen      total 77312K, used 66560K [0x00000000e0000000, 0x00000000e5600000, 0x0000000100000000)
  eden space 66560K, 100% used [0x00000000e0000000,0x00000000e4100000,0x00000000e4100000)
  from space 10752K, 0% used [0x00000000e4b80000,0x00000000e4b80000,0x00000000e5600000)
  to   space 10752K, 0% used [0x00000000e4100000,0x00000000e4100000,0x00000000e4b80000)
 ParOldGen       total 61440K, used 9153K [0x00000000a0000000, 0x00000000a3c00000, 0x00000000e0000000)
  object space 61440K, 14% used [0x00000000a0000000,0x00000000a08f06c0,0x00000000a3c00000)
 Metaspace       used 28320K, capacity 28820K, committed 28928K, reserved 1075200K
  class space    used 3903K, capacity 4093K, committed 4096K, reserved 1048576K
Event: 6.154 GC heap after
Heap after GC invocations=8 (full 1):
 PSYoungGen      total 77312K, used 7630K [0x00000000e0000000, 0x00000000e7a80000, 0x0000000100000000)
  eden space 66560K, 0% used [0x00000000e0000000,0x00000000e0000000,0x00000000e4100000)
  from space 10752K, 70% used [0x00000000e4100000,0x00000000e4873a18,0x00000000e4b80000)
  to   space 10752K, 0% used [0x00000000e7000000,0x00000000e7000000,0x00000000e7a80000)
 ParOldGen       total 61440K, used 9161K [0x00000000a0000000, 0x00000000a3c00000, 0x00000000e0000000)
  object space 61440K, 14% used [0x00000000a0000000,0x00000000a08f26c0,0x00000000a3c00000)
 Metaspace       used 28320K, capacity 28820K, committed 28928K, reserved 1075200K
  class space    used 3903K, capacity 4093K, committed 4096K, reserved 1048576K
}
Event: 7.427 GC heap before
{Heap before GC invocations=9 (full 1):
 PSYoungGen      total 77312K, used 74190K [0x00000000e0000000, 0x00000000e7a80000, 0x0000000100000000)
  eden space 66560K, 100% used [0x00000000e0000000,0x00000000e4100000,0x00000000e4100000)
  from space 10752K, 70% used [0x00000000e4100000,0x00000000e4873a18,0x00000000e4b80000)
  to   space 10752K, 0% used [0x00000000e7000000,0x00000000e7000000,0x00000000e7a80000)
 ParOldGen       total 61440K, used 9161K [0x00000000a0000000, 0x00000000a3c00000, 0x00000000e0000000)
  object space 61440K, 14% used [0x00000000a0000000,0x00000000a08f26c0,0x00000000a3c00000)
 Metaspace       used 32503K, capacity 33230K, committed 33408K, reserved 1077248K
  class space    used 4445K, capacity 4680K, committed 4736K, reserved 1048576K
Event: 7.450 GC heap after
Heap after GC invocations=9 (full 1):
 PSYoungGen      total 114176K, used 9383K [0x00000000e0000000, 0x00000000e7c00000, 0x0000000100000000)
  eden space 103424K, 0% used [0x00000000e0000000,0x00000000e0000000,0x00000000e6500000)
  from space 10752K, 87% used [0x00000000e7000000,0x00000000e7929cc0,0x00000000e7a80000)
  to   space 11264K, 0% used [0x00000000e6500000,0x00000000e6500000,0x00000000e7000000)
 ParOldGen       total 61440K, used 9169K [0x00000000a0000000, 0x00000000a3c00000, 0x00000000e0000000)
  object space 61440K, 14% used [0x00000000a0000000,0x00000000a08f46c0,0x00000000a3c00000)
 Metaspace       used 32503K, capacity 33230K, committed 33408K, reserved 1077248K
  class space    used 4445K, capacity 4680K, committed 4736K, reserved 1048576K
}
Event: 8.135 GC heap before
{Heap before GC invocations=10 (full 1):
 PSYoungGen      total 114176K, used 59879K [0x00000000e0000000, 0x00000000e7c00000, 0x0000000100000000)
  eden space 103424K, 48% used [0x00000000e0000000,0x00000000e31502e0,0x00000000e6500000)
  from space 10752K, 87% used [0x00000000e7000000,0x00000000e7929cc0,0x00000000e7a80000)
  to   space 11264K, 0% used [0x00000000e6500000,0x00000000e6500000,0x00000000e7000000)
 ParOldGen       total 61440K, used 9169K [0x00000000a0000000, 0x00000000a3c00000, 0x00000000e0000000)
  object space 61440K, 14% used [0x00000000a0000000,0x00000000a08f46c0,0x00000000a3c00000)
 Metaspace       used 34699K, capacity 35436K, committed 35496K, reserved 1079296K
  class space    used 4799K, capacity 5026K, committed 5032K, reserved 1048576K
Event: 8.160 GC heap after
Heap after GC invocations=10 (full 1):
 PSYoungGen      total 114688K, used 10752K [0x00000000e0000000, 0x00000000ea400000, 0x0000000100000000)
  eden space 103424K, 0% used [0x00000000e0000000,0x00000000e0000000,0x00000000e6500000)
  from space 11264K, 95% used [0x00000000e6500000,0x00000000e6f80270,0x00000000e7000000)
  to   space 12288K, 0% used [0x00000000e9800000,0x00000000e9800000,0x00000000ea400000)
 ParOldGen       total 61440K, used 9177K [0x00000000a0000000, 0x00000000a3c00000, 0x00000000e0000000)
  object space 61440K, 14% used [0x00000000a0000000,0x00000000a08f66c0,0x00000000a3c00000)
 Metaspace       used 34699K, capacity 35436K, committed 35496K, reserved 1079296K
  class space    used 4799K, capacity 5026K, committed 5032K, reserved 1048576K
}
Event: 8.160 GC heap before
{Heap before GC invocations=11 (full 2):
 PSYoungGen      total 114688K, used 10752K [0x00000000e0000000, 0x00000000ea400000, 0x0000000100000000)
  eden space 103424K, 0% used [0x00000000e0000000,0x00000000e0000000,0x00000000e6500000)
  from space 11264K, 95% used [0x00000000e6500000,0x00000000e6f80270,0x00000000e7000000)
  to   space 12288K, 0% used [0x00000000e9800000,0x00000000e9800000,0x00000000ea400000)
 ParOldGen       total 61440K, used 9177K [0x00000000a0000000, 0x00000000a3c00000, 0x00000000e0000000)
  object space 61440K, 14% used [0x00000000a0000000,0x00000000a08f66c0,0x00000000a3c00000)
 Metaspace       used 34699K, capacity 35436K, committed 35496K, reserved 1079296K
  class space    used 4799K, capacity 5026K, committed 5032K, reserved 1048576K
Event: 8.246 GC heap after
Heap after GC invocations=11 (full 2):
 PSYoungGen      total 114688K, used 0K [0x00000000e0000000, 0x00000000ea400000, 0x0000000100000000)
  eden space 103424K, 0% used [0x00000000e0000000,0x00000000e0000000,0x00000000e6500000)
  from space 11264K, 0% used [0x00000000e6500000,0x00000000e6500000,0x00000000e7000000)
  to   space 12288K, 0% used [0x00000000e9800000,0x00000000e9800000,0x00000000ea400000)
 ParOldGen       total 61440K, used 18151K [0x00000000a0000000, 0x00000000a3c00000, 0x00000000e0000000)
  object space 61440K, 29% used [0x00000000a0000000,0x00000000a11b9de0,0x00000000a3c00000)
 Metaspace       used 34699K, capacity 35436K, committed 35496K, reserved 1079296K
  class space    used 4799K, capacity 5026K, committed 5032K, reserved 1048576K
}
Event: 10.624 GC heap before
{Heap before GC invocations=12 (full 2):
 PSYoungGen      total 114688K, used 103424K [0x00000000e0000000, 0x00000000ea400000, 0x0000000100000000)
  eden space 103424K, 100% used [0x00000000e0000000,0x00000000e6500000,0x00000000e6500000)
  from space 11264K, 0% used [0x00000000e6500000,0x00000000e6500000,0x00000000e7000000)
  to   space 12288K, 0% used [0x00000000e9800000,0x00000000e9800000,0x00000000ea400000)
 ParOldGen       total 61440K, used 18151K [0x00000000a0000000, 0x00000000a3c00000, 0x00000000e0000000)
  object space 61440K, 29% used [0x00000000a0000000,0x00000000a11b9de0,0x00000000a3c00000)
 Metaspace       used 45032K, capacity 46136K, committed 46376K, reserved 1089536K
  class space    used 6031K, capacity 6326K, committed 6440K, reserved 1048576K
Event: 10.644 GC heap after
Heap after GC invocations=12 (full 2):
 PSYoungGen      total 146432K, used 12277K [0x00000000e0000000, 0x00000000ea400000, 0x0000000100000000)
  eden space 134144K, 0% used [0x00000000e0000000,0x00000000e0000000,0x00000000e8300000)
  from space 12288K, 99% used [0x00000000e9800000,0x00000000ea3fd520,0x00000000ea400000)
  to   space 13824K, 0% used [0x00000000e8900000,0x00000000e8900000,0x00000000e9680000)
 ParOldGen       total 61440K, used 19094K [0x00000000a0000000, 0x00000000a3c00000, 0x00000000e0000000)
  object space 61440K, 31% used [0x00000000a0000000,0x00000000a12a58f8,0x00000000a3c00000)
 Metaspace       used 45032K, capacity 46136K, committed 46376K, reserved 1089536K
  class space    used 6031K, capacity 6326K, committed 6440K, reserved 1048576K
}

