# JRE version: OpenJDK Runtime Environment (8.0_202-b03) (build 1.8.0_202-release-1483-b03)
# Java VM: OpenJDK 64-Bit Server VM (25.202-b03 mixed mode windows-amd64 compressed oops)
Heap:
 PSYoungGen      total 219136K, used 186478K [0x00000000e0000000, 0x00000000ef280000, 0x0000000100000000)
  eden space 198144K, 83% used [0x00000000e0000000,0x00000000ea240370,0x00000000ec180000)
  from space 20992K, 96% used [0x00000000ede00000,0x00000000ef1db4a0,0x00000000ef280000)
  to   space 25088K, 0% used [0x00000000ec180000,0x00000000ec180000,0x00000000eda00000)
 ParOldGen       total 135168K, used 59351K [0x00000000a0000000, 0x00000000a8400000, 0x00000000e0000000)
  object space 135168K, 43% used [0x00000000a0000000,0x00000000a39f5fd8,0x00000000a8400000)
 Metaspace       used 83122K, capacity 87480K, committed 87768K, reserved 1126400K
  class space    used 10855K, capacity 11656K, committed 11776K, reserved 1048576K
GC Heap History (10 events):
Event: 14.796 GC heap before
{Heap before GC invocations=15 (full 3):
 PSYoungGen      total 184320K, used 5790K [0x00000000e0000000, 0x00000000ed500000, 0x0000000100000000)
  eden space 165376K, 0% used [0x00000000e0000000,0x00000000e0000000,0x00000000ea180000)
  from space 18944K, 30% used [0x00000000eb400000,0x00000000eb9a7830,0x00000000ec680000)
  to   space 18944K, 0% used [0x00000000ea180000,0x00000000ea180000,0x00000000eb400000)
 ParOldGen       total 93696K, used 41889K [0x00000000a0000000, 0x00000000a5b80000, 0x00000000e0000000)
  object space 93696K, 44% used [0x00000000a0000000,0x00000000a28e8728,0x00000000a5b80000)
 Metaspace       used 57310K, capacity 58964K, committed 59096K, reserved 1099776K
  class space    used 7742K, capacity 8110K, committed 8192K, reserved 1048576K
Event: 15.150 GC heap after
Heap after GC invocations=15 (full 3):
 PSYoungGen      total 184320K, used 0K [0x00000000e0000000, 0x00000000ed500000, 0x0000000100000000)
  eden space 165376K, 0% used [0x00000000e0000000,0x00000000e0000000,0x00000000ea180000)
  from space 18944K, 0% used [0x00000000eb400000,0x00000000eb400000,0x00000000ec680000)
  to   space 18944K, 0% used [0x00000000ea180000,0x00000000ea180000,0x00000000eb400000)
 ParOldGen       total 135168K, used 34198K [0x00000000a0000000, 0x00000000a8400000, 0x00000000e0000000)
  object space 135168K, 25% used [0x00000000a0000000,0x00000000a21658c0,0x00000000a8400000)
 Metaspace       used 57302K, capacity 58934K, committed 59096K, reserved 1099776K
  class space    used 7740K, capacity 8105K, committed 8192K, reserved 1048576K
}
Event: 17.968 GC heap before
{Heap before GC invocations=16 (full 3):
 PSYoungGen      total 184320K, used 165376K [0x00000000e0000000, 0x00000000ed500000, 0x0000000100000000)
  eden space 165376K, 100% used [0x00000000e0000000,0x00000000ea180000,0x00000000ea180000)
  from space 18944K, 0% used [0x00000000eb400000,0x00000000eb400000,0x00000000ec680000)
  to   space 18944K, 0% used [0x00000000ea180000,0x00000000ea180000,0x00000000eb400000)
 ParOldGen       total 135168K, used 34198K [0x00000000a0000000, 0x00000000a8400000, 0x00000000e0000000)
  object space 135168K, 25% used [0x00000000a0000000,0x00000000a21658c0,0x00000000a8400000)
 Metaspace       used 60663K, capacity 62710K, committed 63064K, reserved 1103872K
  class space    used 8246K, capacity 8726K, committed 8832K, reserved 1048576K
Event: 18.079 GC heap after
Heap after GC invocations=16 (full 3):
 PSYoungGen      total 184320K, used 15510K [0x00000000e0000000, 0x00000000ed500000, 0x0000000100000000)
  eden space 165376K, 0% used [0x00000000e0000000,0x00000000e0000000,0x00000000ea180000)
  from space 18944K, 81% used [0x00000000ea180000,0x00000000eb0a5888,0x00000000eb400000)
  to   space 18944K, 0% used [0x00000000eb400000,0x00000000eb400000,0x00000000ec680000)
 ParOldGen       total 135168K, used 34206K [0x00000000a0000000, 0x00000000a8400000, 0x00000000e0000000)
  object space 135168K, 25% used [0x00000000a0000000,0x00000000a21678c0,0x00000000a8400000)
 Metaspace       used 60663K, capacity 62710K, committed 63064K, reserved 1103872K
  class space    used 8246K, capacity 8726K, committed 8832K, reserved 1048576K
}
Event: 35.918 GC heap before
{Heap before GC invocations=17 (full 3):
 PSYoungGen      total 184320K, used 180886K [0x00000000e0000000, 0x00000000ed500000, 0x0000000100000000)
  eden space 165376K, 100% used [0x00000000e0000000,0x00000000ea180000,0x00000000ea180000)
  from space 18944K, 81% used [0x00000000ea180000,0x00000000eb0a5888,0x00000000eb400000)
  to   space 18944K, 0% used [0x00000000eb400000,0x00000000eb400000,0x00000000ec680000)
 ParOldGen       total 135168K, used 34206K [0x00000000a0000000, 0x00000000a8400000, 0x00000000e0000000)
  object space 135168K, 25% used [0x00000000a0000000,0x00000000a21678c0,0x00000000a8400000)
 Metaspace       used 67904K, capacity 70222K, committed 70360K, reserved 1110016K
  class space    used 9208K, capacity 9705K, committed 9728K, reserved 1048576K
Event: 35.987 GC heap after
Heap after GC invocations=17 (full 3):
 PSYoungGen      total 181760K, used 15681K [0x00000000e0000000, 0x00000000efb80000, 0x0000000100000000)
  eden space 162816K, 0% used [0x00000000e0000000,0x00000000e0000000,0x00000000e9f00000)
  from space 18944K, 82% used [0x00000000eb400000,0x00000000ec350640,0x00000000ec680000)
  to   space 21504K, 0% used [0x00000000e9f00000,0x00000000e9f00000,0x00000000eb400000)
 ParOldGen       total 135168K, used 48102K [0x00000000a0000000, 0x00000000a8400000, 0x00000000e0000000)
  object space 135168K, 35% used [0x00000000a0000000,0x00000000a2ef99c0,0x00000000a8400000)
 Metaspace       used 67904K, capacity 70222K, committed 70360K, reserved 1110016K
  class space    used 9208K, capacity 9705K, committed 9728K, reserved 1048576K
}
Event: 74.191 GC heap before
{Heap before GC invocations=18 (full 3):
 PSYoungGen      total 181760K, used 178497K [0x00000000e0000000, 0x00000000efb80000, 0x0000000100000000)
  eden space 162816K, 100% used [0x00000000e0000000,0x00000000e9f00000,0x00000000e9f00000)
  from space 18944K, 82% used [0x00000000eb400000,0x00000000ec350640,0x00000000ec680000)
  to   space 21504K, 0% used [0x00000000e9f00000,0x00000000e9f00000,0x00000000eb400000)
 ParOldGen       total 135168K, used 48102K [0x00000000a0000000, 0x00000000a8400000, 0x00000000e0000000)
  object space 135168K, 35% used [0x00000000a0000000,0x00000000a2ef99c0,0x00000000a8400000)
 Metaspace       used 76351K, capacity 79746K, committed 79960K, reserved 1118208K
  class space    used 10130K, capacity 10815K, committed 10880K, reserved 1048576K
Event: 74.226 GC heap after
Heap after GC invocations=18 (full 3):
 PSYoungGen      total 184320K, used 16572K [0x00000000e0000000, 0x00000000ef400000, 0x0000000100000000)
  eden space 162816K, 0% used [0x00000000e0000000,0x00000000e0000000,0x00000000e9f00000)
  from space 21504K, 77% used [0x00000000e9f00000,0x00000000eaf2f3f8,0x00000000eb400000)
  to   space 22528K, 0% used [0x00000000ede00000,0x00000000ede00000,0x00000000ef400000)
 ParOldGen       total 135168K, used 59343K [0x00000000a0000000, 0x00000000a8400000, 0x00000000e0000000)
  object space 135168K, 43% used [0x00000000a0000000,0x00000000a39f3fd8,0x00000000a8400000)
 Metaspace       used 76351K, capacity 79746K, committed 79960K, reserved 1118208K
  class space    used 10130K, capacity 10815K, committed 10880K, reserved 1048576K
}
Event: 96.200 GC heap before
{Heap before GC invocations=19 (full 3):
 PSYoungGen      total 184320K, used 179388K [0x00000000e0000000, 0x00000000ef400000, 0x0000000100000000)
  eden space 162816K, 100% used [0x00000000e0000000,0x00000000e9f00000,0x00000000e9f00000)
  from space 21504K, 77% used [0x00000000e9f00000,0x00000000eaf2f3f8,0x00000000eb400000)
  to   space 22528K, 0% used [0x00000000ede00000,0x00000000ede00000,0x00000000ef400000)
 ParOldGen       total 135168K, used 59343K [0x00000000a0000000, 0x00000000a8400000, 0x00000000e0000000)
  object space 135168K, 43% used [0x00000000a0000000,0x00000000a39f3fd8,0x00000000a8400000)
 Metaspace       used 81441K, capacity 85248K, committed 85464K, reserved 1124352K
  class space    used 10712K, capacity 11436K, committed 11520K, reserved 1048576K
Event: 96.226 GC heap after
Heap after GC invocations=19 (full 3):
 PSYoungGen      total 219136K, used 20333K [0x00000000e0000000, 0x00000000ef280000, 0x0000000100000000)
  eden space 198144K, 0% used [0x00000000e0000000,0x00000000e0000000,0x00000000ec180000)
  from space 20992K, 96% used [0x00000000ede00000,0x00000000ef1db4a0,0x00000000ef280000)
  to   space 25088K, 0% used [0x00000000ec180000,0x00000000ec180000,0x00000000eda00000)
 ParOldGen       total 135168K, used 59351K [0x00000000a0000000, 0x00000000a8400000, 0x00000000e0000000)
  object space 135168K, 43% used [0x00000000a0000000,0x00000000a39f5fd8,0x00000000a8400000)
 Metaspace       used 81441K, capacity 85248K, committed 85464K, reserved 1124352K
  class space    used 10712K, capacity 11436K, committed 11520K, reserved 1048576K
}

