# JRE version: OpenJDK Runtime Environment (8.0_202-b03) (build 1.8.0_202-release-1483-b03)
# Java VM: OpenJDK 64-Bit Server VM (25.202-b03 mixed mode windows-amd64 compressed oops)
Heap:
 PSYoungGen      total 118272K, used 88697K [0x00000000e0000000, 0x00000000e7f00000, 0x0000000100000000)
  eden space 107520K, 72% used [0x00000000e0000000,0x00000000e4c23cd0,0x00000000e6900000)
  from space 10752K, 99% used [0x00000000e7480000,0x00000000e7efa858,0x00000000e7f00000)
  to   space 11264K, 0% used [0x00000000e6900000,0x00000000e6900000,0x00000000e7400000)
 ParOldGen       total 92160K, used 19659K [0x00000000a0000000, 0x00000000a5a00000, 0x00000000e0000000)
  object space 92160K, 21% used [0x00000000a0000000,0x00000000a1332da8,0x00000000a5a00000)
 Metaspace       used 49636K, capacity 50932K, committed 51200K, reserved 1093632K
  class space    used 6550K, capacity 6876K, committed 6912K, reserved 1048576K
GC Heap History (10 events):
Event: 4.989 GC heap before
{Heap before GC invocations=8 (full 1):
 PSYoungGen      total 77312K, used 66560K [0x00000000e0000000, 0x00000000e5600000, 0x0000000100000000)
  eden space 66560K, 100% used [0x00000000e0000000,0x00000000e4100000,0x00000000e4100000)
  from space 10752K, 0% used [0x00000000e4b80000,0x00000000e4b80000,0x00000000e5600000)
  to   space 10752K, 0% used [0x00000000e4100000,0x00000000e4100000,0x00000000e4b80000)
 ParOldGen       total 59392K, used 9143K [0x00000000a0000000, 0x00000000a3a00000, 0x00000000e0000000)
  object space 59392K, 15% used [0x00000000a0000000,0x00000000a08edfb8,0x00000000a3a00000)
 Metaspace       used 28331K, capacity 28884K, committed 28928K, reserved 1075200K
  class space    used 3911K, capacity 4093K, committed 4096K, reserved 1048576K
Event: 4.998 GC heap after
Heap after GC invocations=8 (full 1):
 PSYoungGen      total 77312K, used 7702K [0x00000000e0000000, 0x00000000e7f00000, 0x0000000100000000)
  eden space 66560K, 0% used [0x00000000e0000000,0x00000000e0000000,0x00000000e4100000)
  from space 10752K, 71% used [0x00000000e4100000,0x00000000e4885b38,0x00000000e4b80000)
  to   space 10752K, 0% used [0x00000000e7480000,0x00000000e7480000,0x00000000e7f00000)
 ParOldGen       total 59392K, used 9151K [0x00000000a0000000, 0x00000000a3a00000, 0x00000000e0000000)
  object space 59392K, 15% used [0x00000000a0000000,0x00000000a08effb8,0x00000000a3a00000)
 Metaspace       used 28331K, capacity 28884K, committed 28928K, reserved 1075200K
  class space    used 3911K, capacity 4093K, committed 4096K, reserved 1048576K
}
Event: 6.195 GC heap before
{Heap before GC invocations=9 (full 1):
 PSYoungGen      total 77312K, used 74262K [0x00000000e0000000, 0x00000000e7f00000, 0x0000000100000000)
  eden space 66560K, 100% used [0x00000000e0000000,0x00000000e4100000,0x00000000e4100000)
  from space 10752K, 71% used [0x00000000e4100000,0x00000000e4885b38,0x00000000e4b80000)
  to   space 10752K, 0% used [0x00000000e7480000,0x00000000e7480000,0x00000000e7f00000)
 ParOldGen       total 59392K, used 9151K [0x00000000a0000000, 0x00000000a3a00000, 0x00000000e0000000)
  object space 59392K, 15% used [0x00000000a0000000,0x00000000a08effb8,0x00000000a3a00000)
 Metaspace       used 32579K, capacity 33294K, committed 33408K, reserved 1077248K
  class space    used 4453K, capacity 4680K, committed 4736K, reserved 1048576K
Event: 6.214 GC heap after
Heap after GC invocations=9 (full 1):
 PSYoungGen      total 118272K, used 9519K [0x00000000e0000000, 0x00000000e7f00000, 0x0000000100000000)
  eden space 107520K, 0% used [0x00000000e0000000,0x00000000e0000000,0x00000000e6900000)
  from space 10752K, 88% used [0x00000000e7480000,0x00000000e7dcbf68,0x00000000e7f00000)
  to   space 11264K, 0% used [0x00000000e6900000,0x00000000e6900000,0x00000000e7400000)
 ParOldGen       total 59392K, used 9159K [0x00000000a0000000, 0x00000000a3a00000, 0x00000000e0000000)
  object space 59392K, 15% used [0x00000000a0000000,0x00000000a08f1fb8,0x00000000a3a00000)
 Metaspace       used 32579K, capacity 33294K, committed 33408K, reserved 1077248K
  class space    used 4453K, capacity 4680K, committed 4736K, reserved 1048576K
}
Event: 7.026 GC heap before
{Heap before GC invocations=10 (full 1):
 PSYoungGen      total 118272K, used 57690K [0x00000000e0000000, 0x00000000e7f00000, 0x0000000100000000)
  eden space 107520K, 44% used [0x00000000e0000000,0x00000000e2f0a940,0x00000000e6900000)
  from space 10752K, 88% used [0x00000000e7480000,0x00000000e7dcbf68,0x00000000e7f00000)
  to   space 11264K, 0% used [0x00000000e6900000,0x00000000e6900000,0x00000000e7400000)
 ParOldGen       total 59392K, used 9159K [0x00000000a0000000, 0x00000000a3a00000, 0x00000000e0000000)
  object space 59392K, 15% used [0x00000000a0000000,0x00000000a08f1fb8,0x00000000a3a00000)
 Metaspace       used 34641K, capacity 35378K, committed 35456K, reserved 1079296K
  class space    used 4782K, capacity 4989K, committed 4992K, reserved 1048576K
Event: 7.047 GC heap after
Heap after GC invocations=10 (full 1):
 PSYoungGen      total 118784K, used 10555K [0x00000000e0000000, 0x00000000e7f00000, 0x0000000100000000)
  eden space 107520K, 0% used [0x00000000e0000000,0x00000000e0000000,0x00000000e6900000)
  from space 11264K, 93% used [0x00000000e6900000,0x00000000e734ec70,0x00000000e7400000)
  to   space 10752K, 0% used [0x00000000e7480000,0x00000000e7480000,0x00000000e7f00000)
 ParOldGen       total 59392K, used 9167K [0x00000000a0000000, 0x00000000a3a00000, 0x00000000e0000000)
  object space 59392K, 15% used [0x00000000a0000000,0x00000000a08f3fb8,0x00000000a3a00000)
 Metaspace       used 34641K, capacity 35378K, committed 35456K, reserved 1079296K
  class space    used 4782K, capacity 4989K, committed 4992K, reserved 1048576K
}
Event: 7.047 GC heap before
{Heap before GC invocations=11 (full 2):
 PSYoungGen      total 118784K, used 10555K [0x00000000e0000000, 0x00000000e7f00000, 0x0000000100000000)
  eden space 107520K, 0% used [0x00000000e0000000,0x00000000e0000000,0x00000000e6900000)
  from space 11264K, 93% used [0x00000000e6900000,0x00000000e734ec70,0x00000000e7400000)
  to   space 10752K, 0% used [0x00000000e7480000,0x00000000e7480000,0x00000000e7f00000)
 ParOldGen       total 59392K, used 9167K [0x00000000a0000000, 0x00000000a3a00000, 0x00000000e0000000)
  object space 59392K, 15% used [0x00000000a0000000,0x00000000a08f3fb8,0x00000000a3a00000)
 Metaspace       used 34641K, capacity 35378K, committed 35456K, reserved 1079296K
  class space    used 4782K, capacity 4989K, committed 4992K, reserved 1048576K
Event: 7.151 GC heap after
Heap after GC invocations=11 (full 2):
 PSYoungGen      total 118784K, used 0K [0x00000000e0000000, 0x00000000e7f00000, 0x0000000100000000)
  eden space 107520K, 0% used [0x00000000e0000000,0x00000000e0000000,0x00000000e6900000)
  from space 11264K, 0% used [0x00000000e6900000,0x00000000e6900000,0x00000000e7400000)
  to   space 10752K, 0% used [0x00000000e7480000,0x00000000e7480000,0x00000000e7f00000)
 ParOldGen       total 92160K, used 17923K [0x00000000a0000000, 0x00000000a5a00000, 0x00000000e0000000)
  object space 92160K, 19% used [0x00000000a0000000,0x00000000a1180c70,0x00000000a5a00000)
 Metaspace       used 34641K, capacity 35378K, committed 35456K, reserved 1079296K
  class space    used 4782K, capacity 4989K, committed 4992K, reserved 1048576K
}
Event: 24.734 GC heap before
{Heap before GC invocations=12 (full 2):
 PSYoungGen      total 118784K, used 107520K [0x00000000e0000000, 0x00000000e7f00000, 0x0000000100000000)
  eden space 107520K, 100% used [0x00000000e0000000,0x00000000e6900000,0x00000000e6900000)
  from space 11264K, 0% used [0x00000000e6900000,0x00000000e6900000,0x00000000e7400000)
  to   space 10752K, 0% used [0x00000000e7480000,0x00000000e7480000,0x00000000e7f00000)
 ParOldGen       total 92160K, used 17923K [0x00000000a0000000, 0x00000000a5a00000, 0x00000000e0000000)
  object space 92160K, 19% used [0x00000000a0000000,0x00000000a1180c70,0x00000000a5a00000)
 Metaspace       used 43651K, capacity 44868K, committed 45056K, reserved 1087488K
  class space    used 5827K, capacity 6096K, committed 6144K, reserved 1048576K
Event: 24.745 GC heap after
Heap after GC invocations=12 (full 2):
 PSYoungGen      total 118272K, used 10730K [0x00000000e0000000, 0x00000000e7f00000, 0x0000000100000000)
  eden space 107520K, 0% used [0x00000000e0000000,0x00000000e0000000,0x00000000e6900000)
  from space 10752K, 99% used [0x00000000e7480000,0x00000000e7efa858,0x00000000e7f00000)
  to   space 11264K, 0% used [0x00000000e6900000,0x00000000e6900000,0x00000000e7400000)
 ParOldGen       total 92160K, used 19659K [0x00000000a0000000, 0x00000000a5a00000, 0x00000000e0000000)
  object space 92160K, 21% used [0x00000000a0000000,0x00000000a1332da8,0x00000000a5a00000)
 Metaspace       used 43651K, capacity 44868K, committed 45056K, reserved 1087488K
  class space    used 5827K, capacity 6096K, committed 6144K, reserved 1048576K
}

